<?xml version="1.0" encoding="UTF-8"?>
<!-- Generated by org.testng.reporters.JUnitXMLReporter -->
<testsuite ignored="1" hostname="Lasya" failures="1" tests="1" name="Submit Order Test" time="4.085" errors="0" timestamp="2026-03-17T01:41:06 PDT">
  <testcase classname="rahulshettyacademy2.tests.SubmitOrderTest" name="submitOrder" time="0.0">
    <failure type="java.lang.RuntimeException" message="java.nio.file.NoSuchFileException: C:\Users\LENOVO\eclipse-workspace\SeleniumFramework2src\test\java\rahulshettyacademy2\data\PurchaseOrder.json">
      <![CDATA[java.lang.RuntimeException: java.nio.file.NoSuchFileException: C:\Users\LENOVO\eclipse-workspace\SeleniumFramework2src\test\java\rahulshettyacademy2\data\PurchaseOrder.json
at java.base/java.util.ArrayList.forEach(ArrayList.java:1596)
at java.base/java.util.concurrent.FutureTask.run(FutureTask.java:317)
at java.base/java.util.concurrent.ThreadPoolExecutor.runWorker(ThreadPoolExecutor.java:1144)
at java.base/java.util.concurrent.ThreadPoolExecutor$Worker.run(ThreadPoolExecutor.java:642)
at java.base/java.lang.Thread.run(Thread.java:1583)
Caused by: java.nio.file.NoSuchFileException: C:\Users\LENOVO\eclipse-workspace\SeleniumFramework2src\test\java\rahulshettyacademy2\data\PurchaseOrder.json
at java.base/sun.nio.fs.WindowsException.translateToIOException(WindowsException.java:85)
at java.base/sun.nio.fs.WindowsException.rethrowAsIOException(WindowsException.java:103)
at java.base/sun.nio.fs.WindowsException.rethrowAsIOException(WindowsException.java:108)
at java.base/sun.nio.fs.WindowsFileSystemProvider.newByteChannel(WindowsFileSystemProvider.java:234)
at java.base/java.nio.file.Files.newByteChannel(Files.java:380)
at java.base/java.nio.file.Files.newByteChannel(Files.java:432)
at java.base/java.nio.file.spi.FileSystemProvider.newInputStream(FileSystemProvider.java:420)
at java.base/java.nio.file.Files.newInputStream(Files.java:160)
at org.apache.commons.io.FileUtils.lambda$readFileToString$14(FileUtils.java:2768)
at org.apache.commons.io.IOUtils.toString(IOUtils.java:3204)
at org.apache.commons.io.IOUtils.toString(IOUtils.java:3179)
at org.apache.commons.io.FileUtils.readFileToString(FileUtils.java:2768)
at rahulshettyacademy2.TestComponents.BaseTest.getJsonDataToMap(BaseTest.java:67)
at rahulshettyacademy2.tests.SubmitOrderTest.getData(SubmitOrderTest.java:69)
... 19 more
... Removed 20 stack frames]]>
    </failure>
  </testcase> <!-- submitOrder -->
  <testcase classname="rahulshettyacademy2.tests.SubmitOrderTest" name="OrderHistoryTest" time="0.0">
    <ignored/>
  </testcase> <!-- OrderHistoryTest -->
</testsuite> <!-- Submit Order Test -->
